app/build/intermediates/manifest_merge_blame_file/debug/manifest-merger-blame-debug-report.txt
1<?xml version="1.0" encoding="utf-8"?>
2<manifest xmlns:android="http://schemas.android.com/apk/res/android"
3    package="com.di.battlemaniaV5"
4    android:versionCode="1"
5    android:versionName="0.1.0" >
6
7    <uses-sdk
8        android:minSdkVersion="21"
8-->src\main\AndroidManifest.xml
9        android:targetSdkVersion="30" />
9-->src\main\AndroidManifest.xml
10
11    <uses-permission android:name="android.permission.REQUEST_INSTALL_PACKAGES" />
11-->src\main\AndroidManifest.xml:6:5-83
11-->src\main\AndroidManifest.xml:6:22-80
12    <uses-permission android:name="android.permission.INTERNET" />
12-->src\main\AndroidManifest.xml:7:5-67
12-->src\main\AndroidManifest.xml:7:22-64
13    <uses-permission android:name="android.permission.ACCESS_NETWORK_STATE" />
13-->src\main\AndroidManifest.xml:8:5-79
13-->src\main\AndroidManifest.xml:8:22-76
14    <uses-permission android:name="android.permission.ACCESS_WIFI_STATE" />
14-->src\main\AndroidManifest.xml:9:5-76
14-->src\main\AndroidManifest.xml:9:22-73
15    <uses-permission android:name="android.permission.WRITE_EXTERNAL_STORAGE" />
15-->src\main\AndroidManifest.xml:10:5-81
15-->src\main\AndroidManifest.xml:10:22-78
16    <uses-permission android:name="android.permission.READ_EXTERNAL_STORAGE" />
16-->src\main\AndroidManifest.xml:11:5-80
16-->src\main\AndroidManifest.xml:11:22-77
17
18    <queries>
18-->[in.payu:upisdk:1.5.2] AndroidManifest.xml:14:5-59:15
19        <package android:name="in.amazon.mShop.android.shopping" />
19-->[in.payu:upisdk:1.5.2] AndroidManifest.xml:15:9-68
19-->[in.payu:upisdk:1.5.2] AndroidManifest.xml:15:18-65
20        <package android:name="com.upi.axispay" />
20-->[in.payu:upisdk:1.5.2] AndroidManifest.xml:16:9-51
20-->[in.payu:upisdk:1.5.2] AndroidManifest.xml:16:18-48
21        <package android:name="com.axis.mobile" />
21-->[in.payu:upisdk:1.5.2] AndroidManifest.xml:17:9-51
21-->[in.payu:upisdk:1.5.2] AndroidManifest.xml:17:18-48
22        <package android:name="com.fisglobal.bandhanupi.app" />
22-->[in.payu:upisdk:1.5.2] AndroidManifest.xml:18:9-64
22-->[in.payu:upisdk:1.5.2] AndroidManifest.xml:18:18-61
23        <package android:name="com.bankofbaroda.upi" />
23-->[in.payu:upisdk:1.5.2] AndroidManifest.xml:19:9-56
23-->[in.payu:upisdk:1.5.2] AndroidManifest.xml:19:18-53
24        <package android:name="in.org.npci.upiapp" />
24-->[in.payu:upisdk:1.5.2] AndroidManifest.xml:20:9-54
24-->[in.payu:upisdk:1.5.2] AndroidManifest.xml:20:18-51
25        <package android:name="com.canarabank.mobility" />
25-->[in.payu:upisdk:1.5.2] AndroidManifest.xml:21:9-59
25-->[in.payu:upisdk:1.5.2] AndroidManifest.xml:21:18-56
26        <package android:name="com.citiuat" />
26-->[in.payu:upisdk:1.5.2] AndroidManifest.xml:22:9-47
26-->[in.payu:upisdk:1.5.2] AndroidManifest.xml:22:18-44
27        <package android:name="com.dbs.in.digitalbank" />
27-->[in.payu:upisdk:1.5.2] AndroidManifest.xml:23:9-58
27-->[in.payu:upisdk:1.5.2] AndroidManifest.xml:23:18-55
28        <package android:name="com.olive.dcb.upi" />
28-->[in.payu:upisdk:1.5.2] AndroidManifest.xml:24:9-53
28-->[in.payu:upisdk:1.5.2] AndroidManifest.xml:24:18-50
29        <package android:name="com.finopaytech.bpayfino" />
29-->[in.payu:upisdk:1.5.2] AndroidManifest.xml:25:9-60
29-->[in.payu:upisdk:1.5.2] AndroidManifest.xml:25:18-57
30        <package android:name="com.freecharge.android" />
30-->[in.payu:upisdk:1.5.2] AndroidManifest.xml:26:9-58
30-->[in.payu:upisdk:1.5.2] AndroidManifest.xml:26:18-55
31        <package android:name="com.google.android.apps.nbu.paisa.user" />
31-->[in.payu:upisdk:1.5.2] AndroidManifest.xml:27:9-74
31-->[in.payu:upisdk:1.5.2] AndroidManifest.xml:27:18-71
32        <package android:name="com.snapwork.hdfc" />
32-->[in.payu:upisdk:1.5.2] AndroidManifest.xml:28:9-53
32-->[in.payu:upisdk:1.5.2] AndroidManifest.xml:28:18-50
33        <package android:name="com.mgs.hsbcupi" />
33-->[in.payu:upisdk:1.5.2] AndroidManifest.xml:29:9-51
33-->[in.payu:upisdk:1.5.2] AndroidManifest.xml:29:18-48
34        <package android:name="com.csam.icici.bank.imobile" />
34-->[in.payu:upisdk:1.5.2] AndroidManifest.xml:30:9-63
34-->[in.payu:upisdk:1.5.2] AndroidManifest.xml:30:18-60
35        <package android:name="com.icicibank.pockets" />
35-->[in.payu:upisdk:1.5.2] AndroidManifest.xml:31:9-57
35-->[in.payu:upisdk:1.5.2] AndroidManifest.xml:31:18-54
36        <package android:name="com.euronet.iobupi" />
36-->[in.payu:upisdk:1.5.2] AndroidManifest.xml:32:9-54
36-->[in.payu:upisdk:1.5.2] AndroidManifest.xml:32:18-51
37        <package android:name="com.mgs.induspsp" />
37-->[in.payu:upisdk:1.5.2] AndroidManifest.xml:33:9-52
37-->[in.payu:upisdk:1.5.2] AndroidManifest.xml:33:18-49
38        <package android:name="com.fss.jnkpsp" />
38-->[in.payu:upisdk:1.5.2] AndroidManifest.xml:34:9-50
38-->[in.payu:upisdk:1.5.2] AndroidManifest.xml:34:18-47
39        <package android:name="com.jio.myjio" />
39-->[in.payu:upisdk:1.5.2] AndroidManifest.xml:35:9-49
39-->[in.payu:upisdk:1.5.2] AndroidManifest.xml:35:18-46
40        <package android:name="com.mycompany.kvb" />
40-->[in.payu:upisdk:1.5.2] AndroidManifest.xml:36:9-53
40-->[in.payu:upisdk:1.5.2] AndroidManifest.xml:36:18-50
41        <package android:name="com.kvb.mobilebanking" />
41-->[in.payu:upisdk:1.5.2] AndroidManifest.xml:37:9-57
41-->[in.payu:upisdk:1.5.2] AndroidManifest.xml:37:18-54
42        <package android:name="com.lcode.smartz" />
42-->[in.payu:upisdk:1.5.2] AndroidManifest.xml:38:9-52
42-->[in.payu:upisdk:1.5.2] AndroidManifest.xml:38:18-49
43        <package android:name="com.msf.kbank.mobile" />
43-->[in.payu:upisdk:1.5.2] AndroidManifest.xml:39:9-56
43-->[in.payu:upisdk:1.5.2] AndroidManifest.xml:39:18-53
44        <package android:name="com.upi.federalbank.org.lotza" />
44-->[in.payu:upisdk:1.5.2] AndroidManifest.xml:40:9-65
44-->[in.payu:upisdk:1.5.2] AndroidManifest.xml:40:18-62
45        <package android:name="com.infrasofttech.mahaupi" />
45-->[in.payu:upisdk:1.5.2] AndroidManifest.xml:41:9-61
45-->[in.payu:upisdk:1.5.2] AndroidManifest.xml:41:18-58
46        <package android:name="com.mipay.in.wallet" />
46-->[in.payu:upisdk:1.5.2] AndroidManifest.xml:42:9-55
46-->[in.payu:upisdk:1.5.2] AndroidManifest.xml:42:18-52
47        <package android:name="com.mobikwik_new" />
47-->[in.payu:upisdk:1.5.2] AndroidManifest.xml:43:9-52
47-->[in.payu:upisdk:1.5.2] AndroidManifest.xml:43:18-49
48        <package android:name="com.myairtelapp" />
48-->[in.payu:upisdk:1.5.2] AndroidManifest.xml:44:9-51
48-->[in.payu:upisdk:1.5.2] AndroidManifest.xml:44:18-48
49        <package android:name="com.mobikwik_new" />
49-->[in.payu:upisdk:1.5.2] AndroidManifest.xml:43:9-52
49-->[in.payu:upisdk:1.5.2] AndroidManifest.xml:43:18-49
50        <package android:name="com.onymy.paybee.prod" />
50-->[in.payu:upisdk:1.5.2] AndroidManifest.xml:46:9-57
50-->[in.payu:upisdk:1.5.2] AndroidManifest.xml:46:18-54
51        <package android:name="net.one97.paytm" />
51-->[in.payu:upisdk:1.5.2] AndroidManifest.xml:47:9-51
51-->[in.payu:upisdk:1.5.2] AndroidManifest.xml:47:18-48
52        <package android:name="com.phonepe.app" />
52-->[in.payu:upisdk:1.5.2] AndroidManifest.xml:48:9-51
52-->[in.payu:upisdk:1.5.2] AndroidManifest.xml:48:18-48
53        <package android:name="com.Version1" />
53-->[in.payu:upisdk:1.5.2] AndroidManifest.xml:49:9-48
53-->[in.payu:upisdk:1.5.2] AndroidManifest.xml:49:18-45
54        <package android:name="com.samsung.android.spay" />
54-->[in.payu:upisdk:1.5.2] AndroidManifest.xml:50:9-60
54-->[in.payu:upisdk:1.5.2] AndroidManifest.xml:50:18-57
55        <package android:name="com.sbi.upi" />
55-->[in.payu:upisdk:1.5.2] AndroidManifest.xml:51:9-47
55-->[in.payu:upisdk:1.5.2] AndroidManifest.xml:51:18-44
56        <package android:name="com.SIBMobile" />
56-->[in.payu:upisdk:1.5.2] AndroidManifest.xml:52:9-49
56-->[in.payu:upisdk:1.5.2] AndroidManifest.xml:52:18-46
57        <package android:name="com.truecaller" />
57-->[in.payu:upisdk:1.5.2] AndroidManifest.xml:53:9-50
57-->[in.payu:upisdk:1.5.2] AndroidManifest.xml:53:18-47
58        <package android:name="com.infrasoft.uboi" />
58-->[in.payu:upisdk:1.5.2] AndroidManifest.xml:54:9-54
58-->[in.payu:upisdk:1.5.2] AndroidManifest.xml:54:18-51
59        <package android:name="com.lcode.ucoupi" />
59-->[in.payu:upisdk:1.5.2] AndroidManifest.xml:55:9-52
59-->[in.payu:upisdk:1.5.2] AndroidManifest.xml:55:18-49
60        <package android:name="com.YesBank" />
60-->[in.payu:upisdk:1.5.2] AndroidManifest.xml:56:9-47
60-->[in.payu:upisdk:1.5.2] AndroidManifest.xml:56:18-44
61        <package android:name="com.dreamplug.androidapp" />
61-->[in.payu:upisdk:1.5.2] AndroidManifest.xml:57:9-60
61-->[in.payu:upisdk:1.5.2] AndroidManifest.xml:57:18-57
62        <package android:name="money.bullet" />
62-->[in.payu:upisdk:1.5.2] AndroidManifest.xml:58:9-48
62-->[in.payu:upisdk:1.5.2] AndroidManifest.xml:58:18-45
63        <!-- For browser content -->
64        <intent>
64-->[com.google.android.gms:play-services-ads-lite:19.6.0] AndroidManifest.xml:30:9-36:18
65            <action android:name="android.intent.action.VIEW" />
65-->src\main\AndroidManifest.xml:73:17-69
65-->src\main\AndroidManifest.xml:73:25-66
66
67            <category android:name="android.intent.category.BROWSABLE" />
67-->src\main\AndroidManifest.xml:76:17-78
67-->src\main\AndroidManifest.xml:76:27-75
68
69            <data android:scheme="https" />
69-->src\main\AndroidManifest.xml:78:17-75
69-->src\main\AndroidManifest.xml:78:23-72
70        </intent>
71    </queries> <!-- Create a unique permission for your app and use it so only your app can receive your OneSignal messages. -->
72    <permission
72-->[com.onesignal:OneSignal:4.8.3] AndroidManifest.xml:7:5-9:47
73        android:name="com.di.battlemaniaV5.permission.C2D_MESSAGE"
73-->[com.onesignal:OneSignal:4.8.3] AndroidManifest.xml:8:9-63
74        android:protectionLevel="signature" />
74-->[com.onesignal:OneSignal:4.8.3] AndroidManifest.xml:9:9-44
75
76    <uses-permission android:name="com.di.battlemaniaV5.permission.C2D_MESSAGE" /> <!-- OneSignal SDK has runtime checks Android version. -->
76-->[com.onesignal:OneSignal:4.8.3] AndroidManifest.xml:11:5-79
76-->[com.onesignal:OneSignal:4.8.3] AndroidManifest.xml:11:22-76
77    <!-- <uses-sdk tools:overrideLibrary="android.support.customtabs"/> -->
78    <!-- Required runtime permission to display notifications on Android 13 -->
79    <uses-permission android:name="android.permission.POST_NOTIFICATIONS" /> <!-- c2dm RECEIVE are basic requirements for push messages through Google's FCM -->
79-->[com.onesignal:OneSignal:4.8.3] AndroidManifest.xml:16:5-77
79-->[com.onesignal:OneSignal:4.8.3] AndroidManifest.xml:16:22-74
80    <uses-permission android:name="com.google.android.c2dm.permission.RECEIVE" /> <!-- Required, makes sure notifications are delivered on time. -->
80-->[com.onesignal:OneSignal:4.8.3] AndroidManifest.xml:18:5-82
80-->[com.onesignal:OneSignal:4.8.3] AndroidManifest.xml:18:22-79
81    <uses-permission android:name="android.permission.WAKE_LOCK" />
81-->[com.onesignal:OneSignal:4.8.3] AndroidManifest.xml:19:5-68
81-->[com.onesignal:OneSignal:4.8.3] AndroidManifest.xml:19:22-65
82    <!--
83 Required so the device vibrates on receiving a push notification.
84         Vibration settings of the device still apply.
85    -->
86    <uses-permission android:name="android.permission.VIBRATE" />
86-->[com.onesignal:OneSignal:4.8.3] AndroidManifest.xml:24:5-66
86-->[com.onesignal:OneSignal:4.8.3] AndroidManifest.xml:24:22-63
87    <!--
88 Use to restore notifications the user hasn't interacted with.
89         They could be missed notifications if the user reboots their device if this isn't in place.
90    -->
91    <uses-permission android:name="android.permission.RECEIVE_BOOT_COMPLETED" /> <!-- START: ShortcutBadger -->
91-->[com.onesignal:OneSignal:4.8.3] AndroidManifest.xml:30:5-81
91-->[com.onesignal:OneSignal:4.8.3] AndroidManifest.xml:30:22-78
92    <!-- Samsung -->
93    <uses-permission android:name="com.sec.android.provider.badge.permission.READ" />
93-->[com.onesignal:OneSignal:4.8.3] AndroidManifest.xml:32:5-86
93-->[com.onesignal:OneSignal:4.8.3] AndroidManifest.xml:32:22-83
94    <uses-permission android:name="com.sec.android.provider.badge.permission.WRITE" /> <!-- HTC -->
94-->[com.onesignal:OneSignal:4.8.3] AndroidManifest.xml:33:5-87
94-->[com.onesignal:OneSignal:4.8.3] AndroidManifest.xml:33:22-84
95    <uses-permission android:name="com.htc.launcher.permission.READ_SETTINGS" />
95-->[com.onesignal:OneSignal:4.8.3] AndroidManifest.xml:34:5-81
95-->[com.onesignal:OneSignal:4.8.3] AndroidManifest.xml:34:22-78
96    <uses-permission android:name="com.htc.launcher.permission.UPDATE_SHORTCUT" /> <!-- Sony -->
96-->[com.onesignal:OneSignal:4.8.3] AndroidManifest.xml:35:5-83
96-->[com.onesignal:OneSignal:4.8.3] AndroidManifest.xml:35:22-80
97    <uses-permission android:name="com.sonyericsson.home.permission.BROADCAST_BADGE" />
97-->[com.onesignal:OneSignal:4.8.3] AndroidManifest.xml:36:5-88
97-->[com.onesignal:OneSignal:4.8.3] AndroidManifest.xml:36:22-85
98    <uses-permission android:name="com.sonymobile.home.permission.PROVIDER_INSERT_BADGE" /> <!-- Apex -->
98-->[com.onesignal:OneSignal:4.8.3] AndroidManifest.xml:37:5-92
98-->[com.onesignal:OneSignal:4.8.3] AndroidManifest.xml:37:22-89
99    <uses-permission android:name="com.anddoes.launcher.permission.UPDATE_COUNT" /> <!-- Solid -->
99-->[com.onesignal:OneSignal:4.8.3] AndroidManifest.xml:38:5-84
99-->[com.onesignal:OneSignal:4.8.3] AndroidManifest.xml:38:22-81
100    <uses-permission android:name="com.majeur.launcher.permission.UPDATE_BADGE" /> <!-- Huawei -->
100-->[com.onesignal:OneSignal:4.8.3] AndroidManifest.xml:39:5-83
100-->[com.onesignal:OneSignal:4.8.3] AndroidManifest.xml:39:22-80
101    <uses-permission android:name="com.huawei.android.launcher.permission.CHANGE_BADGE" />
101-->[com.onesignal:OneSignal:4.8.3] AndroidManifest.xml:40:5-91
101-->[com.onesignal:OneSignal:4.8.3] AndroidManifest.xml:40:22-88
102    <uses-permission android:name="com.huawei.android.launcher.permission.READ_SETTINGS" />
102-->[com.onesignal:OneSignal:4.8.3] AndroidManifest.xml:41:5-92
102-->[com.onesignal:OneSignal:4.8.3] AndroidManifest.xml:41:22-89
103    <uses-permission android:name="com.huawei.android.launcher.permission.WRITE_SETTINGS" /> <!-- ZUK -->
103-->[com.onesignal:OneSignal:4.8.3] AndroidManifest.xml:42:5-93
103-->[com.onesignal:OneSignal:4.8.3] AndroidManifest.xml:42:22-90
104    <uses-permission android:name="android.permission.READ_APP_BADGE" /> <!-- OPPO -->
104-->[com.onesignal:OneSignal:4.8.3] AndroidManifest.xml:43:5-73
104-->[com.onesignal:OneSignal:4.8.3] AndroidManifest.xml:43:22-70
105    <uses-permission android:name="com.oppo.launcher.permission.READ_SETTINGS" />
105-->[com.onesignal:OneSignal:4.8.3] AndroidManifest.xml:44:5-82
105-->[com.onesignal:OneSignal:4.8.3] AndroidManifest.xml:44:22-79
106    <uses-permission android:name="com.oppo.launcher.permission.WRITE_SETTINGS" /> <!-- EvMe -->
106-->[com.onesignal:OneSignal:4.8.3] AndroidManifest.xml:45:5-83
106-->[com.onesignal:OneSignal:4.8.3] AndroidManifest.xml:45:22-80
107    <uses-permission android:name="me.everything.badger.permission.BADGE_COUNT_READ" />
107-->[com.onesignal:OneSignal:4.8.3] AndroidManifest.xml:46:5-88
107-->[com.onesignal:OneSignal:4.8.3] AndroidManifest.xml:46:22-85
108    <uses-permission android:name="me.everything.badger.permission.BADGE_COUNT_WRITE" />
108-->[com.onesignal:OneSignal:4.8.3] AndroidManifest.xml:47:5-89
108-->[com.onesignal:OneSignal:4.8.3] AndroidManifest.xml:47:22-86
109    <uses-permission android:name="android.permission.READ_PHONE_STATE" /> <!-- Telephony is optional (Auto-read SMS) -->
109-->[com.instamojo:android-sdk:3.4.0] AndroidManifest.xml:15:5-75
109-->[com.instamojo:android-sdk:3.4.0] AndroidManifest.xml:15:22-72
110    <uses-feature
110-->[com.instamojo:android-sdk:3.4.0] AndroidManifest.xml:18:5-20:36
111        android:name="android.hardware.telephony"
111-->[com.instamojo:android-sdk:3.4.0] AndroidManifest.xml:19:9-50
112        android:required="false" />
112-->[com.instamojo:android-sdk:3.4.0] AndroidManifest.xml:20:9-33
113
114    <uses-permission android:name="android.permission.ACCESS_COARSE_LOCATION" />
114-->[in.juspay:godel:0.6.25.4.1423] AndroidManifest.xml:9:5-81
114-->[in.juspay:godel:0.6.25.4.1423] AndroidManifest.xml:9:22-78
115    <uses-permission android:name="com.google.android.finsky.permission.BIND_GET_INSTALL_REFERRER_SERVICE" />
115-->[com.google.android.gms:play-services-measurement:18.0.1] AndroidManifest.xml:26:5-110
115-->[com.google.android.gms:play-services-measurement:18.0.1] AndroidManifest.xml:26:22-107
116    <uses-permission android:name="android.permission.CAMERA" />
116-->[io.card:android-sdk:5.5.1] AndroidManifest.xml:9:5-65
116-->[io.card:android-sdk:5.5.1] AndroidManifest.xml:9:22-62
117
118    <uses-feature
118-->[io.card:android-sdk:5.5.1] AndroidManifest.xml:12:5-14:36
119        android:name="android.hardware.camera"
119-->[io.card:android-sdk:5.5.1] AndroidManifest.xml:13:9-47
120        android:required="false" />
120-->[io.card:android-sdk:5.5.1] AndroidManifest.xml:14:9-33
121    <uses-feature
121-->[io.card:android-sdk:5.5.1] AndroidManifest.xml:15:5-17:36
122        android:name="android.hardware.camera.autofocus"
122-->[io.card:android-sdk:5.5.1] AndroidManifest.xml:16:9-57
123        android:required="false" />
123-->[io.card:android-sdk:5.5.1] AndroidManifest.xml:17:9-33
124
125    <application
125-->src\main\AndroidManifest.xml:19:5-213:19
126        android:name="com.di.battlemaniaV5.utils.MyApp"
126-->src\main\AndroidManifest.xml:20:9-56
127        android:allowBackup="true"
127-->src\main\AndroidManifest.xml:21:9-35
128        android:appComponentFactory="androidx.core.app.CoreComponentFactory"
128-->[androidx.core:core:1.5.0] AndroidManifest.xml:24:18-86
129        android:debuggable="true"
130        android:hardwareAccelerated="true"
130-->src\main\AndroidManifest.xml:22:9-43
131        android:icon="@drawable/logoo"
131-->src\main\AndroidManifest.xml:23:9-39
132        android:label="@string/app_name"
132-->src\main\AndroidManifest.xml:24:9-41
133        android:largeHeap="true"
133-->src\main\AndroidManifest.xml:25:9-33
134        android:roundIcon="@drawable/logoo"
134-->src\main\AndroidManifest.xml:26:9-44
135        android:supportsRtl="true"
135-->src\main\AndroidManifest.xml:27:9-35
136        android:testOnly="true"
137        android:theme="@style/AppTheme"
137-->src\main\AndroidManifest.xml:28:9-40
138        android:usesCleartextTraffic="true" >
138-->src\main\AndroidManifest.xml:29:9-44
139        <activity
139-->src\main\AndroidManifest.xml:32:9-34:39
140            android:name="com.di.battlemaniaV5.ui.activities.TronActivity"
140-->src\main\AndroidManifest.xml:33:13-75
141            android:exported="true" />
141-->src\main\AndroidManifest.xml:34:13-36
142        <activity
142-->src\main\AndroidManifest.xml:35:9-37:39
143            android:name="com.di.battlemaniaV5.ui.activities.ChooseLanguageActivity"
143-->src\main\AndroidManifest.xml:36:13-85
144            android:exported="true" />
144-->src\main\AndroidManifest.xml:37:13-36
145        <activity android:name="com.di.battlemaniaV5.ui.activities.SelectedLanguageActivity" />
145-->src\main\AndroidManifest.xml:38:9-96
145-->src\main\AndroidManifest.xml:38:19-93
146        <activity android:name="com.di.battlemaniaV5.ui.activities.SingleOrderActivity" />
146-->src\main\AndroidManifest.xml:39:9-91
146-->src\main\AndroidManifest.xml:39:19-88
147        <activity android:name="com.di.battlemaniaV5.ui.activities.MyOrderActivity" />
147-->src\main\AndroidManifest.xml:40:9-87
147-->src\main\AndroidManifest.xml:40:19-84
148        <activity android:name="com.di.battlemaniaV5.ui.activities.SuccessOrderActivity" />
148-->src\main\AndroidManifest.xml:41:9-92
148-->src\main\AndroidManifest.xml:41:19-89
149        <activity android:name="com.di.battlemaniaV5.ui.activities.ProductOrderActivity" />
149-->src\main\AndroidManifest.xml:42:9-92
149-->src\main\AndroidManifest.xml:42:19-89
150        <activity android:name="com.di.battlemaniaV5.ui.activities.SingleProductActivity" />
150-->src\main\AndroidManifest.xml:43:9-93
150-->src\main\AndroidManifest.xml:43:19-90
151        <activity android:name="com.di.battlemaniaV5.ui.activities.ProductActivity" />
151-->src\main\AndroidManifest.xml:44:9-87
151-->src\main\AndroidManifest.xml:44:19-84
152
153        <meta-data
153-->src\main\AndroidManifest.xml:46:9-48:52
154            android:name="com.google.android.gms.ads.APPLICATION_ID"
154-->src\main\AndroidManifest.xml:47:13-69
155            android:value="@string/admob_app_id" />
155-->src\main\AndroidManifest.xml:48:13-49
156
157        <activity android:name="com.di.battlemaniaV5.ui.activities.MyRewardedActivity" />
157-->src\main\AndroidManifest.xml:50:9-90
157-->src\main\AndroidManifest.xml:50:19-87
158        <activity
158-->src\main\AndroidManifest.xml:51:9-54:51
159            android:name="com.di.battlemaniaV5.ui.activities.WatchAndEarnActivity"
159-->src\main\AndroidManifest.xml:52:13-83
160            android:label=""
160-->src\main\AndroidManifest.xml:53:13-29
161            android:theme="@style/AppThemetest" />
161-->src\main\AndroidManifest.xml:54:13-48
162        <activity android:name="com.di.battlemaniaV5.ui.activities.FpOtpVerificationActivity" />
162-->src\main\AndroidManifest.xml:55:9-97
162-->src\main\AndroidManifest.xml:55:19-94
163        <activity android:name="com.di.battlemaniaV5.ui.activities.SelectedLotteryActivity" />
163-->src\main\AndroidManifest.xml:56:9-95
163-->src\main\AndroidManifest.xml:56:19-92
164        <activity android:name="com.di.battlemaniaV5.ui.activities.LotteryActivity" />
164-->src\main\AndroidManifest.xml:57:9-87
164-->src\main\AndroidManifest.xml:57:19-84
165        <activity android:name="com.di.battlemaniaV5.ui.activities.AnnouncementActivity" />
165-->src\main\AndroidManifest.xml:58:9-92
165-->src\main\AndroidManifest.xml:58:19-89
166        <activity android:name="com.di.battlemaniaV5.ui.activities.OtpVerifyActivity" />
166-->src\main\AndroidManifest.xml:59:9-89
166-->src\main\AndroidManifest.xml:59:19-86
167
168        <meta-data
168-->src\main\AndroidManifest.xml:61:9-63:55
169            android:name="com.facebook.sdk.ApplicationId"
169-->src\main\AndroidManifest.xml:62:13-58
170            android:value="@string/facebook_app_id" />
170-->src\main\AndroidManifest.xml:63:13-52
171
172        <activity
172-->src\main\AndroidManifest.xml:65:9-68:48
173            android:name="com.facebook.FacebookActivity"
173-->src\main\AndroidManifest.xml:66:13-57
174            android:configChanges="keyboard|keyboardHidden|screenLayout|screenSize|orientation"
174-->src\main\AndroidManifest.xml:67:13-96
175            android:label="@string/app_name"
175-->src\main\AndroidManifest.xml:68:13-45
176            android:theme="@style/com_facebook_activity_theme" />
176-->[com.facebook.android:facebook-common:9.0.0] AndroidManifest.xml:33:13-63
177        <activity
177-->src\main\AndroidManifest.xml:69:9-80:20
178            android:name="com.facebook.CustomTabActivity"
178-->src\main\AndroidManifest.xml:70:13-58
179            android:exported="true" >
179-->src\main\AndroidManifest.xml:71:13-36
180            <intent-filter>
180-->src\main\AndroidManifest.xml:72:13-79:29
181                <action android:name="android.intent.action.VIEW" />
181-->src\main\AndroidManifest.xml:73:17-69
181-->src\main\AndroidManifest.xml:73:25-66
182
183                <category android:name="android.intent.category.DEFAULT" />
183-->src\main\AndroidManifest.xml:75:17-76
183-->src\main\AndroidManifest.xml:75:27-73
184                <category android:name="android.intent.category.BROWSABLE" />
184-->src\main\AndroidManifest.xml:76:17-78
184-->src\main\AndroidManifest.xml:76:27-75
185
186                <data android:scheme="@string/fb_login_protocol_scheme" />
186-->src\main\AndroidManifest.xml:78:17-75
186-->src\main\AndroidManifest.xml:78:23-72
187            </intent-filter>
188            <intent-filter>
188-->[com.facebook.android:facebook-common:9.0.0] AndroidManifest.xml:39:13-48:29
189                <action android:name="android.intent.action.VIEW" />
189-->src\main\AndroidManifest.xml:73:17-69
189-->src\main\AndroidManifest.xml:73:25-66
190
191                <category android:name="android.intent.category.DEFAULT" />
191-->src\main\AndroidManifest.xml:75:17-76
191-->src\main\AndroidManifest.xml:75:27-73
192                <category android:name="android.intent.category.BROWSABLE" />
192-->src\main\AndroidManifest.xml:76:17-78
192-->src\main\AndroidManifest.xml:76:27-75
193
194                <data
194-->src\main\AndroidManifest.xml:78:17-75
195                    android:host="cct.com.di.battlemaniaV5"
196                    android:scheme="fbconnect" />
196-->src\main\AndroidManifest.xml:78:23-72
197            </intent-filter>
198        </activity>
199        <activity android:name="com.di.battlemaniaV5.ui.activities.IndroductionActivity" />
199-->src\main\AndroidManifest.xml:81:9-92
199-->src\main\AndroidManifest.xml:81:19-89
200        <activity android:name="com.di.battlemaniaV5.ui.activities.OfflinePaymentActivity" />
200-->src\main\AndroidManifest.xml:82:9-94
200-->src\main\AndroidManifest.xml:82:19-91
201        <activity android:name="com.di.battlemaniaV5.ui.activities.TermsandConditionActivity" />
201-->src\main\AndroidManifest.xml:83:9-97
201-->src\main\AndroidManifest.xml:83:19-94
202        <activity android:name="com.di.battlemaniaV5.ui.activities.LeaderboardActivity" />
202-->src\main\AndroidManifest.xml:84:9-91
202-->src\main\AndroidManifest.xml:84:19-88
203        <activity
203-->src\main\AndroidManifest.xml:85:9-87:58
204            android:name="com.di.battlemaniaV5.ui.activities.WithdrawMoneyActivity"
204-->src\main\AndroidManifest.xml:86:13-84
205            android:theme="@style/AppThemeplaceholder" />
205-->src\main\AndroidManifest.xml:87:13-55
206        <activity
206-->src\main\AndroidManifest.xml:88:9-91:58
207            android:name="com.di.battlemaniaV5.ui.activities.AddMoneyActivity"
207-->src\main\AndroidManifest.xml:89:13-79
208            android:screenOrientation="portrait"
208-->src\main\AndroidManifest.xml:90:13-49
209            android:theme="@style/AppThemeplaceholder" />
209-->src\main\AndroidManifest.xml:91:13-55
210        <activity android:name="com.di.battlemaniaV5.ui.activities.MyReferralsActivity" />
210-->src\main\AndroidManifest.xml:92:9-91
210-->src\main\AndroidManifest.xml:92:19-88
211        <activity
211-->src\main\AndroidManifest.xml:93:9-96:51
212            android:name="com.di.battlemaniaV5.ui.activities.ReferandEarnActivity"
212-->src\main\AndroidManifest.xml:94:13-83
213            android:label=""
213-->src\main\AndroidManifest.xml:95:13-29
214            android:theme="@style/AppThemetest" />
214-->src\main\AndroidManifest.xml:96:13-48
215        <activity android:name="com.di.battlemaniaV5.ui.activities.SelectedGameActivity" />
215-->src\main\AndroidManifest.xml:97:9-92
215-->src\main\AndroidManifest.xml:97:19-89
216        <activity android:name="com.di.battlemaniaV5.ui.activities.AppUpdateActivity" />
216-->src\main\AndroidManifest.xml:98:9-89
216-->src\main\AndroidManifest.xml:98:19-86
217        <activity
217-->src\main\AndroidManifest.xml:99:9-101:62
218            android:name="com.di.battlemaniaV5.ui.activities.HowtoActivity"
218-->src\main\AndroidManifest.xml:100:13-76
219            android:configChanges="orientation|screenSize" />
219-->src\main\AndroidManifest.xml:101:13-59
220        <!--
221 <provider
222            android:name=".utils.GenericFileProvider"
223            android:authorities="${applicationId}.fileprovider"
224            android:exported="false"
225            android:grantUriPermissions="true">
226            <meta-data
227                android:name="android.support.FILE_PROVIDER_PATHS"
228                android:resource="@xml/provider_paths" />
229        </provider>
230        -->
231        <provider
232            android:name="androidx.core.content.FileProvider"
232-->src\main\AndroidManifest.xml:114:13-62
233            android:authorities="com.di.battlemaniaV5.provider"
233-->src\main\AndroidManifest.xml:115:13-60
234            android:exported="false"
234-->src\main\AndroidManifest.xml:116:13-37
235            android:grantUriPermissions="true" >
235-->src\main\AndroidManifest.xml:117:13-47
236            <meta-data
236-->src\main\AndroidManifest.xml:118:13-120:58
237                android:name="android.support.FILE_PROVIDER_PATHS"
237-->src\main\AndroidManifest.xml:119:17-67
238                android:resource="@xml/provider_paths" />
238-->src\main\AndroidManifest.xml:120:17-55
239        </provider>
240
241        <receiver android:name="com.di.battlemaniaV5.utils.InstallReceivernew" >
241-->src\main\AndroidManifest.xml:123:9-132:20
241-->src\main\AndroidManifest.xml:123:19-79
242            <intent-filter>
242-->src\main\AndroidManifest.xml:124:13-131:29
243                <action android:name="android.intent.action.PACKAGE_ADDED" />
243-->src\main\AndroidManifest.xml:125:17-78
243-->src\main\AndroidManifest.xml:125:25-75
244                <action android:name="android.intent.action.PACKAGE_CHANGED" />
244-->src\main\AndroidManifest.xml:126:17-80
244-->src\main\AndroidManifest.xml:126:25-77
245
246                <category android:name="android.intent.category.DEFAULT" />
246-->src\main\AndroidManifest.xml:75:17-76
246-->src\main\AndroidManifest.xml:75:27-73
247
248                <data android:scheme="package" />
248-->src\main\AndroidManifest.xml:78:17-75
248-->src\main\AndroidManifest.xml:78:23-72
249            </intent-filter>
250        </receiver>
251
252        <activity
252-->src\main\AndroidManifest.xml:134:9-142:20